# JRE version: Java(TM) SE Runtime Environment (8.0_25-b17) (build 1.8.0_25-b17)
# Java VM: Java HotSpot(TM) 64-Bit Server VM (25.25-b02 mixed mode bsd-amd64 compressed oops)
Heap:
 PSYoungGen      total 18944K, used 4830K [0x00000007aab00000, 0x00000007ad080000, 0x00000007c0000000)
  eden space 16384K, 19% used [0x00000007aab00000,0x00000007aae2d458,0x00000007abb00000)
  from space 2560K, 61% used [0x00000007abb00000,0x00000007abc8a6a8,0x00000007abd80000)
  to   space 7168K, 0% used [0x00000007ac980000,0x00000007ac980000,0x00000007ad080000)
 ParOldGen       total 36352K, used 7046K [0x0000000780000000, 0x0000000782380000, 0x00000007aab00000)
  object space 36352K, 19% used [0x0000000780000000,0x00000007806e1848,0x0000000782380000)
 Metaspace       used 22733K, capacity 23030K, committed 23424K, reserved 1069056K
  class space    used 2859K, capacity 2931K, committed 2944K, reserved 1048576K
GC Heap History (10 events):
Event: 6.547 GC heap before
{Heap before GC invocations=2 (full 0):
 PSYoungGen      total 18944K, used 18931K [0x00000007aab00000, 0x00000007ac000000, 0x00000007c0000000)
  eden space 16384K, 99% used [0x00000007aab00000,0x00000007abaff0d8,0x00000007abb00000)
  from space 2560K, 99% used [0x00000007abb00000,0x00000007abd7dd60,0x00000007abd80000)
  to   space 2560K, 0% used [0x00000007abd80000,0x00000007abd80000,0x00000007ac000000)
 ParOldGen       total 44032K, used 1782K [0x0000000780000000, 0x0000000782b00000, 0x00000007aab00000)
  object space 44032K, 4% used [0x0000000780000000,0x00000007801bda40,0x0000000782b00000)
 Metaspace       used 19228K, capacity 19532K, committed 19840K, reserved 1067008K
  class space    used 2509K, capacity 2610K, committed 2688K, reserved 1048576K
Event: 6.558 GC heap after
Heap after GC invocations=2 (full 0):
 PSYoungGen      total 18944K, used 2551K [0x00000007aab00000, 0x00000007ac000000, 0x00000007c0000000)
  eden space 16384K, 0% used [0x00000007aab00000,0x00000007aab00000,0x00000007abb00000)
  from space 2560K, 99% used [0x00000007abd80000,0x00000007abffdd10,0x00000007ac000000)
  to   space 2560K, 0% used [0x00000007abb00000,0x00000007abb00000,0x00000007abd80000)
 ParOldGen       total 44032K, used 5409K [0x0000000780000000, 0x0000000782b00000, 0x00000007aab00000)
  object space 44032K, 12% used [0x0000000780000000,0x00000007805485a0,0x0000000782b00000)
 Metaspace       used 19228K, capacity 19532K, committed 19840K, reserved 1067008K
  class space    used 2509K, capacity 2610K, committed 2688K, reserved 1048576K
}
Event: 8.536 GC heap before
{Heap before GC invocations=3 (full 0):
 PSYoungGen      total 18944K, used 18935K [0x00000007aab00000, 0x00000007ac000000, 0x00000007c0000000)
  eden space 16384K, 100% used [0x00000007aab00000,0x00000007abb00000,0x00000007abb00000)
  from space 2560K, 99% used [0x00000007abd80000,0x00000007abffdd10,0x00000007ac000000)
  to   space 2560K, 0% used [0x00000007abb00000,0x00000007abb00000,0x00000007abd80000)
 ParOldGen       total 44032K, used 5409K [0x0000000780000000, 0x0000000782b00000, 0x00000007aab00000)
  object space 44032K, 12% used [0x0000000780000000,0x00000007805485a0,0x0000000782b00000)
 Metaspace       used 20069K, capacity 20418K, committed 20608K, reserved 1067008K
  class space    used 2584K, capacity 2683K, committed 2688K, reserved 1048576K
Event: 8.542 GC heap after
Heap after GC invocations=3 (full 0):
 PSYoungGen      total 18944K, used 2551K [0x00000007aab00000, 0x00000007ac000000, 0x00000007c0000000)
  eden space 16384K, 0% used [0x00000007aab00000,0x00000007aab00000,0x00000007abb00000)
  from space 2560K, 99% used [0x00000007abb00000,0x00000007abd7dd10,0x00000007abd80000)
  to   space 2560K, 0% used [0x00000007abd80000,0x00000007abd80000,0x00000007ac000000)
 ParOldGen       total 44032K, used 6346K [0x0000000780000000, 0x0000000782b00000, 0x00000007aab00000)
  object space 44032K, 14% used [0x0000000780000000,0x0000000780632a20,0x0000000782b00000)
 Metaspace       used 20069K, capacity 20418K, committed 20608K, reserved 1067008K
  class space    used 2584K, capacity 2683K, committed 2688K, reserved 1048576K
}
Event: 8.808 GC heap before
{Heap before GC invocations=4 (full 0):
 PSYoungGen      total 18944K, used 14934K [0x00000007aab00000, 0x00000007ac000000, 0x00000007c0000000)
  eden space 16384K, 75% used [0x00000007aab00000,0x00000007ab717b28,0x00000007abb00000)
  from space 2560K, 99% used [0x00000007abb00000,0x00000007abd7dd10,0x00000007abd80000)
  to   space 2560K, 0% used [0x00000007abd80000,0x00000007abd80000,0x00000007ac000000)
 ParOldGen       total 44032K, used 6346K [0x0000000780000000, 0x0000000782b00000, 0x00000007aab00000)
  object space 44032K, 14% used [0x0000000780000000,0x0000000780632a20,0x0000000782b00000)
 Metaspace       used 20668K, capacity 20980K, committed 21248K, reserved 1067008K
  class space    used 2623K, capacity 2718K, committed 2816K, reserved 1048576K
Event: 8.813 GC heap after
Heap after GC invocations=4 (full 0):
 PSYoungGen      total 18944K, used 2551K [0x00000007aab00000, 0x00000007ac000000, 0x00000007c0000000)
  eden space 16384K, 0% used [0x00000007aab00000,0x00000007aab00000,0x00000007abb00000)
  from space 2560K, 99% used [0x00000007abd80000,0x00000007abffdd10,0x00000007ac000000)
  to   space 2560K, 0% used [0x00000007abb00000,0x00000007abb00000,0x00000007abd80000)
 ParOldGen       total 44032K, used 6566K [0x0000000780000000, 0x0000000782b00000, 0x00000007aab00000)
  object space 44032K, 14% used [0x0000000780000000,0x0000000780669820,0x0000000782b00000)
 Metaspace       used 20668K, capacity 20980K, committed 21248K, reserved 1067008K
  class space    used 2623K, capacity 2718K, committed 2816K, reserved 1048576K
}
Event: 8.813 GC heap before
{Heap before GC invocations=5 (full 1):
 PSYoungGen      total 18944K, used 2551K [0x00000007aab00000, 0x00000007ac000000, 0x00000007c0000000)
  eden space 16384K, 0% used [0x00000007aab00000,0x00000007aab00000,0x00000007abb00000)
  from space 2560K, 99% used [0x00000007abd80000,0x00000007abffdd10,0x00000007ac000000)
  to   space 2560K, 0% used [0x00000007abb00000,0x00000007abb00000,0x00000007abd80000)
 ParOldGen       total 44032K, used 6566K [0x0000000780000000, 0x0000000782b00000, 0x00000007aab00000)
  object space 44032K, 14% used [0x0000000780000000,0x0000000780669820,0x0000000782b00000)
 Metaspace       used 20668K, capacity 20980K, committed 21248K, reserved 1067008K
  class space    used 2623K, capacity 2718K, committed 2816K, reserved 1048576K
Event: 8.876 GC heap after
Heap after GC invocations=5 (full 1):
 PSYoungGen      total 18944K, used 0K [0x00000007aab00000, 0x00000007ac000000, 0x00000007c0000000)
  eden space 16384K, 0% used [0x00000007aab00000,0x00000007aab00000,0x00000007abb00000)
  from space 2560K, 0% used [0x00000007abd80000,0x00000007abd80000,0x00000007ac000000)
  to   space 2560K, 0% used [0x00000007abb00000,0x00000007abb00000,0x00000007abd80000)
 ParOldGen       total 36352K, used 7038K [0x0000000780000000, 0x0000000782380000, 0x00000007aab00000)
  object space 36352K, 19% used [0x0000000780000000,0x00000007806df848,0x0000000782380000)
 Metaspace       used 20635K, capacity 20926K, committed 21248K, reserved 1067008K
  class space    used 2613K, capacity 2703K, committed 2816K, reserved 1048576K
}
Event: 9.503 GC heap before
{Heap before GC invocations=6 (full 1):
 PSYoungGen      total 18944K, used 16384K [0x00000007aab00000, 0x00000007ac000000, 0x00000007c0000000)
  eden space 16384K, 100% used [0x00000007aab00000,0x00000007abb00000,0x00000007abb00000)
  from space 2560K, 0% used [0x00000007abd80000,0x00000007abd80000,0x00000007ac000000)
  to   space 2560K, 0% used [0x00000007abb00000,0x00000007abb00000,0x00000007abd80000)
 ParOldGen       total 36352K, used 7038K [0x0000000780000000, 0x0000000782380000, 0x00000007aab00000)
  object space 36352K, 19% used [0x0000000780000000,0x00000007806df848,0x0000000782380000)
 Metaspace       used 22587K, capacity 22902K, committed 23168K, reserved 1069056K
  class space    used 2844K, capacity 2931K, committed 2944K, reserved 1048576K
Event: 9.505 GC heap after
Heap after GC invocations=6 (full 1):
 PSYoungGen      total 18944K, used 1577K [0x00000007aab00000, 0x00000007ad080000, 0x00000007c0000000)
  eden space 16384K, 0% used [0x00000007aab00000,0x00000007aab00000,0x00000007abb00000)
  from space 2560K, 61% used [0x00000007abb00000,0x00000007abc8a6a8,0x00000007abd80000)
  to   space 7168K, 0% used [0x00000007ac980000,0x00000007ac980000,0x00000007ad080000)
 ParOldGen       total 36352K, used 7046K [0x0000000780000000, 0x0000000782380000, 0x00000007aab00000)
  object space 36352K, 19% used [0x0000000780000000,0x00000007806e1848,0x0000000782380000)
 Metaspace       used 22587K, capacity 22902K, committed 23168K, reserved 1069056K
  class space    used 2844K, capacity 2931K, committed 2944K, reserved 1048576K
}

